::1 - - [05/Jul/2020:10:43:35 +0000] "GET /v1/interest HTTP/1.1" 304 - "http://localhost:3001/" "Mozilla/5.0 (Macintosh; Intel Mac OS X 10_15_2) AppleWebKit/537.36 (KHTML, like Gecko) Chrome/83.0.4103.116 Safari/537.36"
::1 - - [05/Jul/2020:10:44:41 +0000] "GET /v1/interest HTTP/1.1" 304 - "http://localhost:3001/" "Mozilla/5.0 (Macintosh; Intel Mac OS X 10_15_2) AppleWebKit/537.36 (KHTML, like Gecko) Chrome/83.0.4103.116 Safari/537.36"
::1 - - [05/Jul/2020:10:44:54 +0000] "POST /v1/interest HTTP/1.1" 401 88 "http://localhost:3001/" "Mozilla/5.0 (Macintosh; Intel Mac OS X 10_15_2) AppleWebKit/537.36 (KHTML, like Gecko) Chrome/83.0.4103.116 Safari/537.36"
::1 - - [05/Jul/2020:10:44:54 +0000] "POST /v1/auth/o/token/refresh HTTP/1.1" 200 877 "http://localhost:3001/" "Mozilla/5.0 (Macintosh; Intel Mac OS X 10_15_2) AppleWebKit/537.36 (KHTML, like Gecko) Chrome/83.0.4103.116 Safari/537.36"
::1 - - [05/Jul/2020:10:44:54 +0000] "POST /v1/interest HTTP/1.1" 422 158 "http://localhost:3001/" "Mozilla/5.0 (Macintosh; Intel Mac OS X 10_15_2) AppleWebKit/537.36 (KHTML, like Gecko) Chrome/83.0.4103.116 Safari/537.36"
::1 - - [05/Jul/2020:10:45:52 +0000] "GET /v1/interest HTTP/1.1" 304 - "http://localhost:3001/" "Mozilla/5.0 (Macintosh; Intel Mac OS X 10_15_2) AppleWebKit/537.36 (KHTML, like Gecko) Chrome/83.0.4103.116 Safari/537.36"
::1 - - [05/Jul/2020:10:46:41 +0000] "GET /v1/interest HTTP/1.1" 304 - "http://localhost:3001/" "Mozilla/5.0 (Macintosh; Intel Mac OS X 10_15_2) AppleWebKit/537.36 (KHTML, like Gecko) Chrome/83.0.4103.116 Safari/537.36"
::1 - - [05/Jul/2020:10:46:47 +0000] "POST /v1/article HTTP/1.1" 422 299 "http://localhost:3001/" "Mozilla/5.0 (Macintosh; Intel Mac OS X 10_15_2) AppleWebKit/537.36 (KHTML, like Gecko) Chrome/83.0.4103.116 Safari/537.36"
::1 - - [05/Jul/2020:10:52:27 +0000] "POST /v1/article HTTP/1.1" 422 131 "http://localhost:3001/" "Mozilla/5.0 (Macintosh; Intel Mac OS X 10_15_2) AppleWebKit/537.36 (KHTML, like Gecko) Chrome/83.0.4103.116 Safari/537.36"
::1 - - [05/Jul/2020:10:53:49 +0000] "POST /v1/article HTTP/1.1" 422 131 "http://localhost:3001/" "Mozilla/5.0 (Macintosh; Intel Mac OS X 10_15_2) AppleWebKit/537.36 (KHTML, like Gecko) Chrome/83.0.4103.116 Safari/537.36"
::1 - - [05/Jul/2020:10:54:35 +0000] "POST /v1/article HTTP/1.1" 409 74 "http://localhost:3001/" "Mozilla/5.0 (Macintosh; Intel Mac OS X 10_15_2) AppleWebKit/537.36 (KHTML, like Gecko) Chrome/83.0.4103.116 Safari/537.36"
::1 - - [05/Jul/2020:10:54:52 +0000] "POST /v1/article HTTP/1.1" 409 74 "http://localhost:3001/" "Mozilla/5.0 (Macintosh; Intel Mac OS X 10_15_2) AppleWebKit/537.36 (KHTML, like Gecko) Chrome/83.0.4103.116 Safari/537.36"
::1 - - [05/Jul/2020:10:55:35 +0000] "POST /v1/article HTTP/1.1" 200 9262 "http://localhost:3001/" "Mozilla/5.0 (Macintosh; Intel Mac OS X 10_15_2) AppleWebKit/537.36 (KHTML, like Gecko) Chrome/83.0.4103.116 Safari/537.36"
::1 - - [05/Jul/2020:10:55:35 +0000] "GET /v1/article HTTP/1.1" 403 69 "http://localhost:3001/" "Mozilla/5.0 (Macintosh; Intel Mac OS X 10_15_2) AppleWebKit/537.36 (KHTML, like Gecko) Chrome/83.0.4103.116 Safari/537.36"
::1 - - [05/Jul/2020:10:56:10 +0000] "GET /v1/article HTTP/1.1" 403 69 "http://localhost:3001/" "Mozilla/5.0 (Macintosh; Intel Mac OS X 10_15_2) AppleWebKit/537.36 (KHTML, like Gecko) Chrome/83.0.4103.116 Safari/537.36"
::1 - - [05/Jul/2020:10:56:47 +0000] "GET /v1/article HTTP/1.1" 403 69 "http://localhost:3001/" "Mozilla/5.0 (Macintosh; Intel Mac OS X 10_15_2) AppleWebKit/537.36 (KHTML, like Gecko) Chrome/83.0.4103.116 Safari/537.36"
::1 - - [05/Jul/2020:10:57:11 +0000] "POST /v1/auth/login HTTP/1.1" 200 869 "http://localhost:3001/" "Mozilla/5.0 (Macintosh; Intel Mac OS X 10_15_2) AppleWebKit/537.36 (KHTML, like Gecko) Chrome/83.0.4103.116 Safari/537.36"
::1 - - [05/Jul/2020:10:57:13 +0000] "GET /v1/article HTTP/1.1" 200 3287 "http://localhost:3001/" "Mozilla/5.0 (Macintosh; Intel Mac OS X 10_15_2) AppleWebKit/537.36 (KHTML, like Gecko) Chrome/83.0.4103.116 Safari/537.36"
::1 - - [05/Jul/2020:10:58:03 +0000] "GET /v1/interest HTTP/1.1" 304 - "http://localhost:3001/" "Mozilla/5.0 (Macintosh; Intel Mac OS X 10_15_2) AppleWebKit/537.36 (KHTML, like Gecko) Chrome/83.0.4103.116 Safari/537.36"
::1 - - [05/Jul/2020:11:00:39 +0000] "GET /v1/interest HTTP/1.1" 304 - "http://localhost:3001/" "Mozilla/5.0 (Macintosh; Intel Mac OS X 10_15_2) AppleWebKit/537.36 (KHTML, like Gecko) Chrome/83.0.4103.116 Safari/537.36"
::1 - - [05/Jul/2020:11:04:03 +0000] "GET /v1/interest HTTP/1.1" 304 - "http://localhost:3001/" "Mozilla/5.0 (Macintosh; Intel Mac OS X 10_15_2) AppleWebKit/537.36 (KHTML, like Gecko) Chrome/83.0.4103.116 Safari/537.36"
::1 - - [05/Jul/2020:11:05:16 +0000] "GET /v1/interest HTTP/1.1" 304 - "http://localhost:3001/" "Mozilla/5.0 (Macintosh; Intel Mac OS X 10_15_2) AppleWebKit/537.36 (KHTML, like Gecko) Chrome/83.0.4103.116 Safari/537.36"
::1 - - [05/Jul/2020:11:05:33 +0000] "GET /v1/interest HTTP/1.1" 304 - "http://localhost:3001/" "Mozilla/5.0 (Macintosh; Intel Mac OS X 10_15_2) AppleWebKit/537.36 (KHTML, like Gecko) Chrome/83.0.4103.116 Safari/537.36"
::1 - - [05/Jul/2020:11:05:46 +0000] "GET /v1/interest HTTP/1.1" 304 - "http://localhost:3001/" "Mozilla/5.0 (Macintosh; Intel Mac OS X 10_15_2) AppleWebKit/537.36 (KHTML, like Gecko) Chrome/83.0.4103.116 Safari/537.36"
::1 - - [05/Jul/2020:11:06:18 +0000] "GET /v1/interest HTTP/1.1" 304 - "http://localhost:3001/" "Mozilla/5.0 (Macintosh; Intel Mac OS X 10_15_2) AppleWebKit/537.36 (KHTML, like Gecko) Chrome/83.0.4103.116 Safari/537.36"
::1 - - [05/Jul/2020:11:07:08 +0000] "GET /v1/interest HTTP/1.1" 304 - "http://localhost:3001/" "Mozilla/5.0 (Macintosh; Intel Mac OS X 10_15_2) AppleWebKit/537.36 (KHTML, like Gecko) Chrome/83.0.4103.116 Safari/537.36"
::1 - - [05/Jul/2020:11:07:49 +0000] "GET /v1/article HTTP/1.1" 304 - "http://localhost:3001/" "Mozilla/5.0 (Macintosh; Intel Mac OS X 10_15_2) AppleWebKit/537.36 (KHTML, like Gecko) Chrome/83.0.4103.116 Safari/537.36"
::1 - - [05/Jul/2020:11:08:16 +0000] "GET /v1/article HTTP/1.1" 200 12687 "http://localhost:3001/" "Mozilla/5.0 (Macintosh; Intel Mac OS X 10_15_2) AppleWebKit/537.36 (KHTML, like Gecko) Chrome/83.0.4103.116 Safari/537.36"
::1 - - [05/Jul/2020:11:08:53 +0000] "GET /v1/article HTTP/1.1" 304 - "http://localhost:3001/" "Mozilla/5.0 (Macintosh; Intel Mac OS X 10_15_2) AppleWebKit/537.36 (KHTML, like Gecko) Chrome/83.0.4103.116 Safari/537.36"
::1 - - [05/Jul/2020:11:09:41 +0000] "GET /v1/article HTTP/1.1" 304 - "http://localhost:3001/" "Mozilla/5.0 (Macintosh; Intel Mac OS X 10_15_2) AppleWebKit/537.36 (KHTML, like Gecko) Chrome/83.0.4103.116 Safari/537.36"
::1 - - [05/Jul/2020:11:09:45 +0000] "GET /v1/article HTTP/1.1" 304 - "http://localhost:3001/" "Mozilla/5.0 (Macintosh; Intel Mac OS X 10_15_2) AppleWebKit/537.36 (KHTML, like Gecko) Chrome/83.0.4103.116 Safari/537.36"
::1 - - [05/Jul/2020:11:09:49 +0000] "GET /v1/article HTTP/1.1" 304 - "http://localhost:3001/" "Mozilla/5.0 (Macintosh; Intel Mac OS X 10_15_2) AppleWebKit/537.36 (KHTML, like Gecko) Chrome/83.0.4103.116 Safari/537.36"
::1 - - [05/Jul/2020:12:07:25 +0000] "GET /v1/article HTTP/1.1" 401 88 "http://localhost:3001/" "Mozilla/5.0 (Macintosh; Intel Mac OS X 10_15_2) AppleWebKit/537.36 (KHTML, like Gecko) Chrome/83.0.4103.116 Safari/537.36"
::1 - - [05/Jul/2020:12:07:25 +0000] "POST /v1/auth/o/token/refresh HTTP/1.1" 200 877 "http://localhost:3001/" "Mozilla/5.0 (Macintosh; Intel Mac OS X 10_15_2) AppleWebKit/537.36 (KHTML, like Gecko) Chrome/83.0.4103.116 Safari/537.36"
::1 - - [05/Jul/2020:12:07:25 +0000] "GET /v1/article HTTP/1.1" 304 - "http://localhost:3001/" "Mozilla/5.0 (Macintosh; Intel Mac OS X 10_15_2) AppleWebKit/537.36 (KHTML, like Gecko) Chrome/83.0.4103.116 Safari/537.36"
::1 - - [05/Jul/2020:12:07:41 +0000] "GET /v1/interest HTTP/1.1" 304 - "http://localhost:3001/" "Mozilla/5.0 (Macintosh; Intel Mac OS X 10_15_2) AppleWebKit/537.36 (KHTML, like Gecko) Chrome/83.0.4103.116 Safari/537.36"
::1 - - [05/Jul/2020:13:19:03 +0000] "GET /v1/role HTTP/1.1" 404 68 "http://localhost:3001/" "Mozilla/5.0 (Macintosh; Intel Mac OS X 10_15_2) AppleWebKit/537.36 (KHTML, like Gecko) Chrome/83.0.4103.116 Safari/537.36"
::1 - - [05/Jul/2020:13:21:27 +0000] "GET /v1/role HTTP/1.1" 200 82 "http://localhost:3001/" "Mozilla/5.0 (Macintosh; Intel Mac OS X 10_15_2) AppleWebKit/537.36 (KHTML, like Gecko) Chrome/83.0.4103.116 Safari/537.36"
::1 - - [05/Jul/2020:13:29:16 +0000] "GET /v1/role HTTP/1.1" 304 - "http://localhost:3001/" "Mozilla/5.0 (Macintosh; Intel Mac OS X 10_15_2) AppleWebKit/537.36 (KHTML, like Gecko) Chrome/83.0.4103.116 Safari/537.36"
::1 - - [05/Jul/2020:13:30:57 +0000] "GET /v1/role HTTP/1.1" 304 - "http://localhost:3001/" "Mozilla/5.0 (Macintosh; Intel Mac OS X 10_15_2) AppleWebKit/537.36 (KHTML, like Gecko) Chrome/83.0.4103.116 Safari/537.36"
::1 - - [05/Jul/2020:13:31:19 +0000] "POST /v1/role HTTP/1.1" 401 80 "http://localhost:3001/" "Mozilla/5.0 (Macintosh; Intel Mac OS X 10_15_2) AppleWebKit/537.36 (KHTML, like Gecko) Chrome/83.0.4103.116 Safari/537.36"
::1 - - [05/Jul/2020:13:39:45 +0000] "POST /v1/auth/login HTTP/1.1" 200 904 "http://localhost:3001/" "Mozilla/5.0 (Macintosh; Intel Mac OS X 10_15_2) AppleWebKit/537.36 (KHTML, like Gecko) Chrome/83.0.4103.116 Safari/537.36"
::1 - - [05/Jul/2020:13:39:54 +0000] "GET /v1/role HTTP/1.1" 200 144 "http://localhost:3001/" "Mozilla/5.0 (Macintosh; Intel Mac OS X 10_15_2) AppleWebKit/537.36 (KHTML, like Gecko) Chrome/83.0.4103.116 Safari/537.36"
::1 - - [05/Jul/2020:13:40:11 +0000] "GET /v1/role HTTP/1.1" 304 - "http://localhost:3001/" "Mozilla/5.0 (Macintosh; Intel Mac OS X 10_15_2) AppleWebKit/537.36 (KHTML, like Gecko) Chrome/83.0.4103.116 Safari/537.36"
::1 - - [05/Jul/2020:13:40:41 +0000] "GET /v1/role HTTP/1.1" 304 - "http://localhost:3001/" "Mozilla/5.0 (Macintosh; Intel Mac OS X 10_15_2) AppleWebKit/537.36 (KHTML, like Gecko) Chrome/83.0.4103.116 Safari/537.36"
::1 - - [05/Jul/2020:13:41:00 +0000] "GET /v1/role HTTP/1.1" 304 - "http://localhost:3001/" "Mozilla/5.0 (Macintosh; Intel Mac OS X 10_15_2) AppleWebKit/537.36 (KHTML, like Gecko) Chrome/83.0.4103.116 Safari/537.36"
::1 - - [05/Jul/2020:13:41:11 +0000] "POST /v1/role HTTP/1.1" 422 118 "http://localhost:3001/" "Mozilla/5.0 (Macintosh; Intel Mac OS X 10_15_2) AppleWebKit/537.36 (KHTML, like Gecko) Chrome/83.0.4103.116 Safari/537.36"
::1 - - [05/Jul/2020:13:41:42 +0000] "POST /v1/role HTTP/1.1" 200 92 "http://localhost:3001/" "Mozilla/5.0 (Macintosh; Intel Mac OS X 10_15_2) AppleWebKit/537.36 (KHTML, like Gecko) Chrome/83.0.4103.116 Safari/537.36"
::1 - - [05/Jul/2020:13:41:42 +0000] "GET /v1/role HTTP/1.1" 200 202 "http://localhost:3001/" "Mozilla/5.0 (Macintosh; Intel Mac OS X 10_15_2) AppleWebKit/537.36 (KHTML, like Gecko) Chrome/83.0.4103.116 Safari/537.36"
::1 - - [05/Jul/2020:13:41:48 +0000] "POST /v1/role HTTP/1.1" 200 92 "http://localhost:3001/" "Mozilla/5.0 (Macintosh; Intel Mac OS X 10_15_2) AppleWebKit/537.36 (KHTML, like Gecko) Chrome/83.0.4103.116 Safari/537.36"
::1 - - [05/Jul/2020:13:41:48 +0000] "GET /v1/role HTTP/1.1" 200 202 "http://localhost:3001/" "Mozilla/5.0 (Macintosh; Intel Mac OS X 10_15_2) AppleWebKit/537.36 (KHTML, like Gecko) Chrome/83.0.4103.116 Safari/537.36"
::1 - - [05/Jul/2020:13:41:52 +0000] "POST /v1/role HTTP/1.1" 200 92 "http://localhost:3001/" "Mozilla/5.0 (Macintosh; Intel Mac OS X 10_15_2) AppleWebKit/537.36 (KHTML, like Gecko) Chrome/83.0.4103.116 Safari/537.36"
::1 - - [05/Jul/2020:13:41:52 +0000] "GET /v1/role HTTP/1.1" 200 261 "http://localhost:3001/" "Mozilla/5.0 (Macintosh; Intel Mac OS X 10_15_2) AppleWebKit/537.36 (KHTML, like Gecko) Chrome/83.0.4103.116 Safari/537.36"
::1 - - [05/Jul/2020:13:41:54 +0000] "GET /v1/role HTTP/1.1" 304 - "http://localhost:3001/" "Mozilla/5.0 (Macintosh; Intel Mac OS X 10_15_2) AppleWebKit/537.36 (KHTML, like Gecko) Chrome/83.0.4103.116 Safari/537.36"
::1 - - [05/Jul/2020:13:42:05 +0000] "GET /v1/article HTTP/1.1" 304 - "http://localhost:3001/" "Mozilla/5.0 (Macintosh; Intel Mac OS X 10_15_2) AppleWebKit/537.36 (KHTML, like Gecko) Chrome/83.0.4103.116 Safari/537.36"
::1 - - [05/Jul/2020:13:42:08 +0000] "GET /v1/role HTTP/1.1" 304 - "http://localhost:3001/" "Mozilla/5.0 (Macintosh; Intel Mac OS X 10_15_2) AppleWebKit/537.36 (KHTML, like Gecko) Chrome/83.0.4103.116 Safari/537.36"
::1 - - [05/Jul/2020:13:44:37 +0000] "GET /v1/role HTTP/1.1" 304 - "http://localhost:3001/" "Mozilla/5.0 (Macintosh; Intel Mac OS X 10_15_2) AppleWebKit/537.36 (KHTML, like Gecko) Chrome/83.0.4103.116 Safari/537.36"
::1 - - [05/Jul/2020:13:44:49 +0000] "GET /v1/article HTTP/1.1" 304 - "http://localhost:3001/" "Mozilla/5.0 (Macintosh; Intel Mac OS X 10_15_2) AppleWebKit/537.36 (KHTML, like Gecko) Chrome/83.0.4103.116 Safari/537.36"
::1 - - [05/Jul/2020:13:57:34 +0000] "GET /v1/user HTTP/1.1" 409 51 "http://localhost:3001/" "Mozilla/5.0 (Macintosh; Intel Mac OS X 10_15_2) AppleWebKit/537.36 (KHTML, like Gecko) Chrome/83.0.4103.116 Safari/537.36"
::1 - - [05/Jul/2020:13:57:41 +0000] "GET /v1/user HTTP/1.1" 409 51 "http://localhost:3001/" "Mozilla/5.0 (Macintosh; Intel Mac OS X 10_15_2) AppleWebKit/537.36 (KHTML, like Gecko) Chrome/83.0.4103.116 Safari/537.36"
::1 - - [05/Jul/2020:13:59:55 +0000] "GET /v1/user HTTP/1.1" 409 51 "http://localhost:3001/" "Mozilla/5.0 (Macintosh; Intel Mac OS X 10_15_2) AppleWebKit/537.36 (KHTML, like Gecko) Chrome/83.0.4103.116 Safari/537.36"
::1 - - [05/Jul/2020:14:00:53 +0000] "GET /v1/user HTTP/1.1" 409 51 "http://localhost:3001/" "Mozilla/5.0 (Macintosh; Intel Mac OS X 10_15_2) AppleWebKit/537.36 (KHTML, like Gecko) Chrome/83.0.4103.116 Safari/537.36"
::1 - - [05/Jul/2020:14:02:51 +0000] "GET /v1/user HTTP/1.1" 200 934 "http://localhost:3001/" "Mozilla/5.0 (Macintosh; Intel Mac OS X 10_15_2) AppleWebKit/537.36 (KHTML, like Gecko) Chrome/83.0.4103.116 Safari/537.36"
::1 - - [05/Jul/2020:14:03:16 +0000] "GET /v1/user HTTP/1.1" 304 - "http://localhost:3001/" "Mozilla/5.0 (Macintosh; Intel Mac OS X 10_15_2) AppleWebKit/537.36 (KHTML, like Gecko) Chrome/83.0.4103.116 Safari/537.36"
::1 - - [05/Jul/2020:14:03:28 +0000] "GET /v1/user HTTP/1.1" 304 - "http://localhost:3001/" "Mozilla/5.0 (Macintosh; Intel Mac OS X 10_15_2) AppleWebKit/537.36 (KHTML, like Gecko) Chrome/83.0.4103.116 Safari/537.36"
::1 - - [05/Jul/2020:14:03:39 +0000] "GET /v1/user HTTP/1.1" 304 - "http://localhost:3001/" "Mozilla/5.0 (Macintosh; Intel Mac OS X 10_15_2) AppleWebKit/537.36 (KHTML, like Gecko) Chrome/83.0.4103.116 Safari/537.36"
::1 - - [05/Jul/2020:14:03:48 +0000] "GET /v1/user HTTP/1.1" 304 - "http://localhost:3001/" "Mozilla/5.0 (Macintosh; Intel Mac OS X 10_15_2) AppleWebKit/537.36 (KHTML, like Gecko) Chrome/83.0.4103.116 Safari/537.36"
::1 - - [05/Jul/2020:14:03:55 +0000] "GET /v1/user HTTP/1.1" 304 - "http://localhost:3001/" "Mozilla/5.0 (Macintosh; Intel Mac OS X 10_15_2) AppleWebKit/537.36 (KHTML, like Gecko) Chrome/83.0.4103.116 Safari/537.36"
::1 - - [05/Jul/2020:14:04:02 +0000] "GET /v1/user HTTP/1.1" 304 - "http://localhost:3001/" "Mozilla/5.0 (Macintosh; Intel Mac OS X 10_15_2) AppleWebKit/537.36 (KHTML, like Gecko) Chrome/83.0.4103.116 Safari/537.36"
::1 - - [05/Jul/2020:14:04:06 +0000] "GET /v1/user HTTP/1.1" 304 - "http://localhost:3001/" "Mozilla/5.0 (Macintosh; Intel Mac OS X 10_15_2) AppleWebKit/537.36 (KHTML, like Gecko) Chrome/83.0.4103.116 Safari/537.36"
::1 - - [05/Jul/2020:14:04:08 +0000] "GET /v1/user HTTP/1.1" 304 - "http://localhost:3001/" "Mozilla/5.0 (Macintosh; Intel Mac OS X 10_15_2) AppleWebKit/537.36 (KHTML, like Gecko) Chrome/83.0.4103.116 Safari/537.36"
::1 - - [05/Jul/2020:14:04:11 +0000] "GET /v1/user HTTP/1.1" 304 - "http://localhost:3001/" "Mozilla/5.0 (Macintosh; Intel Mac OS X 10_15_2) AppleWebKit/537.36 (KHTML, like Gecko) Chrome/83.0.4103.116 Safari/537.36"
::1 - - [05/Jul/2020:14:18:01 +0000] "POST /v1/role/assign HTTP/1.1" 422 118 "http://localhost:3001/" "Mozilla/5.0 (Macintosh; Intel Mac OS X 10_15_2) AppleWebKit/537.36 (KHTML, like Gecko) Chrome/83.0.4103.116 Safari/537.36"
::1 - - [05/Jul/2020:14:19:17 +0000] "POST /v1/role/assign HTTP/1.1" 200 81 "http://localhost:3001/" "Mozilla/5.0 (Macintosh; Intel Mac OS X 10_15_2) AppleWebKit/537.36 (KHTML, like Gecko) Chrome/83.0.4103.116 Safari/537.36"
::1 - - [05/Jul/2020:14:19:17 +0000] "GET /v1/role HTTP/1.1" 304 - "http://localhost:3001/" "Mozilla/5.0 (Macintosh; Intel Mac OS X 10_15_2) AppleWebKit/537.36 (KHTML, like Gecko) Chrome/83.0.4103.116 Safari/537.36"
::1 - - [05/Jul/2020:14:19:36 +0000] "GET /v1/user HTTP/1.1" 200 943 "http://localhost:3001/" "Mozilla/5.0 (Macintosh; Intel Mac OS X 10_15_2) AppleWebKit/537.36 (KHTML, like Gecko) Chrome/83.0.4103.116 Safari/537.36"
::1 - - [05/Jul/2020:14:21:31 +0000] "GET /v1/user HTTP/1.1" 401 88 "http://localhost:3001/" "Mozilla/5.0 (Macintosh; Intel Mac OS X 10_15_2) AppleWebKit/537.36 (KHTML, like Gecko) Chrome/83.0.4103.116 Safari/537.36"
::1 - - [05/Jul/2020:14:21:31 +0000] "POST /v1/auth/o/token/refresh HTTP/1.1" 200 942 "http://localhost:3001/" "Mozilla/5.0 (Macintosh; Intel Mac OS X 10_15_2) AppleWebKit/537.36 (KHTML, like Gecko) Chrome/83.0.4103.116 Safari/537.36"
::1 - - [05/Jul/2020:14:21:31 +0000] "GET /v1/user HTTP/1.1" 304 - "http://localhost:3001/" "Mozilla/5.0 (Macintosh; Intel Mac OS X 10_15_2) AppleWebKit/537.36 (KHTML, like Gecko) Chrome/83.0.4103.116 Safari/537.36"
::1 - - [05/Jul/2020:14:25:41 +0000] "POST /v1/role/retract HTTP/1.1" 200 84 "http://localhost:3001/" "Mozilla/5.0 (Macintosh; Intel Mac OS X 10_15_2) AppleWebKit/537.36 (KHTML, like Gecko) Chrome/83.0.4103.116 Safari/537.36"
::1 - - [05/Jul/2020:14:25:41 +0000] "GET /v1/role HTTP/1.1" 304 - "http://localhost:3001/" "Mozilla/5.0 (Macintosh; Intel Mac OS X 10_15_2) AppleWebKit/537.36 (KHTML, like Gecko) Chrome/83.0.4103.116 Safari/537.36"
::1 - - [05/Jul/2020:14:26:51 +0000] "POST /v1/role/retract HTTP/1.1" 200 84 "http://localhost:3001/" "Mozilla/5.0 (Macintosh; Intel Mac OS X 10_15_2) AppleWebKit/537.36 (KHTML, like Gecko) Chrome/83.0.4103.116 Safari/537.36"
::1 - - [05/Jul/2020:14:26:51 +0000] "GET /v1/role HTTP/1.1" 304 - "http://localhost:3001/" "Mozilla/5.0 (Macintosh; Intel Mac OS X 10_15_2) AppleWebKit/537.36 (KHTML, like Gecko) Chrome/83.0.4103.116 Safari/537.36"
::1 - - [05/Jul/2020:14:27:02 +0000] "GET /v1/user HTTP/1.1" 200 934 "http://localhost:3001/" "Mozilla/5.0 (Macintosh; Intel Mac OS X 10_15_2) AppleWebKit/537.36 (KHTML, like Gecko) Chrome/83.0.4103.116 Safari/537.36"
::1 - - [05/Jul/2020:14:27:10 +0000] "GET /v1/user HTTP/1.1" 304 - "http://localhost:3001/" "Mozilla/5.0 (Macintosh; Intel Mac OS X 10_15_2) AppleWebKit/537.36 (KHTML, like Gecko) Chrome/83.0.4103.116 Safari/537.36"
::1 - - [05/Jul/2020:14:27:17 +0000] "GET /v1/user HTTP/1.1" 304 - "http://localhost:3001/" "Mozilla/5.0 (Macintosh; Intel Mac OS X 10_15_2) AppleWebKit/537.36 (KHTML, like Gecko) Chrome/83.0.4103.116 Safari/537.36"
::1 - - [05/Jul/2020:14:27:29 +0000] "GET /v1/article HTTP/1.1" 304 - "http://localhost:3001/" "Mozilla/5.0 (Macintosh; Intel Mac OS X 10_15_2) AppleWebKit/537.36 (KHTML, like Gecko) Chrome/83.0.4103.116 Safari/537.36"
::1 - - [05/Jul/2020:14:27:31 +0000] "GET /v1/interest HTTP/1.1" 304 - "http://localhost:3001/" "Mozilla/5.0 (Macintosh; Intel Mac OS X 10_15_2) AppleWebKit/537.36 (KHTML, like Gecko) Chrome/83.0.4103.116 Safari/537.36"
::1 - - [05/Jul/2020:15:37:33 +0000] "GET /v1/user HTTP/1.1" 401 88 "http://localhost:3001/" "Mozilla/5.0 (Macintosh; Intel Mac OS X 10_15_2) AppleWebKit/537.36 (KHTML, like Gecko) Chrome/83.0.4103.116 Safari/537.36"
::1 - - [05/Jul/2020:15:37:33 +0000] "POST /v1/auth/o/token/refresh HTTP/1.1" 200 912 "http://localhost:3001/" "Mozilla/5.0 (Macintosh; Intel Mac OS X 10_15_2) AppleWebKit/537.36 (KHTML, like Gecko) Chrome/83.0.4103.116 Safari/537.36"
::1 - - [05/Jul/2020:15:37:33 +0000] "GET /v1/user HTTP/1.1" 304 - "http://localhost:3001/" "Mozilla/5.0 (Macintosh; Intel Mac OS X 10_15_2) AppleWebKit/537.36 (KHTML, like Gecko) Chrome/83.0.4103.116 Safari/537.36"
::1 - - [05/Jul/2020:15:37:34 +0000] "GET /v1/user HTTP/1.1" 304 - "http://localhost:3001/" "Mozilla/5.0 (Macintosh; Intel Mac OS X 10_15_2) AppleWebKit/537.36 (KHTML, like Gecko) Chrome/83.0.4103.116 Safari/537.36"
::1 - - [05/Jul/2020:15:37:34 +0000] "GET /v1/user HTTP/1.1" 304 - "http://localhost:3001/" "Mozilla/5.0 (Macintosh; Intel Mac OS X 10_15_2) AppleWebKit/537.36 (KHTML, like Gecko) Chrome/83.0.4103.116 Safari/537.36"
::1 - - [05/Jul/2020:15:37:36 +0000] "GET /v1/user HTTP/1.1" 304 - "http://localhost:3001/" "Mozilla/5.0 (Macintosh; Intel Mac OS X 10_15_2) AppleWebKit/537.36 (KHTML, like Gecko) Chrome/83.0.4103.116 Safari/537.36"
::1 - - [05/Jul/2020:15:37:36 +0000] "GET /v1/user HTTP/1.1" 304 - "http://localhost:3001/" "Mozilla/5.0 (Macintosh; Intel Mac OS X 10_15_2) AppleWebKit/537.36 (KHTML, like Gecko) Chrome/83.0.4103.116 Safari/537.36"
::1 - - [05/Jul/2020:15:37:36 +0000] "GET /v1/user HTTP/1.1" 304 - "http://localhost:3001/" "Mozilla/5.0 (Macintosh; Intel Mac OS X 10_15_2) AppleWebKit/537.36 (KHTML, like Gecko) Chrome/83.0.4103.116 Safari/537.36"
::1 - - [05/Jul/2020:15:37:36 +0000] "GET /v1/user HTTP/1.1" 304 - "http://localhost:3001/" "Mozilla/5.0 (Macintosh; Intel Mac OS X 10_15_2) AppleWebKit/537.36 (KHTML, like Gecko) Chrome/83.0.4103.116 Safari/537.36"
::1 - - [05/Jul/2020:15:37:37 +0000] "GET /v1/user HTTP/1.1" 304 - "http://localhost:3001/" "Mozilla/5.0 (Macintosh; Intel Mac OS X 10_15_2) AppleWebKit/537.36 (KHTML, like Gecko) Chrome/83.0.4103.116 Safari/537.36"
::1 - - [05/Jul/2020:15:37:37 +0000] "GET /v1/user HTTP/1.1" 304 - "http://localhost:3001/" "Mozilla/5.0 (Macintosh; Intel Mac OS X 10_15_2) AppleWebKit/537.36 (KHTML, like Gecko) Chrome/83.0.4103.116 Safari/537.36"
::1 - - [05/Jul/2020:15:37:38 +0000] "GET /v1/user HTTP/1.1" 304 - "http://localhost:3001/" "Mozilla/5.0 (Macintosh; Intel Mac OS X 10_15_2) AppleWebKit/537.36 (KHTML, like Gecko) Chrome/83.0.4103.116 Safari/537.36"
::1 - - [05/Jul/2020:15:37:38 +0000] "GET /v1/user HTTP/1.1" 304 - "http://localhost:3001/" "Mozilla/5.0 (Macintosh; Intel Mac OS X 10_15_2) AppleWebKit/537.36 (KHTML, like Gecko) Chrome/83.0.4103.116 Safari/537.36"
::1 - - [05/Jul/2020:15:49:52 +0000] "GET /v1/user HTTP/1.1" 304 - "http://localhost:3001/" "Mozilla/5.0 (Macintosh; Intel Mac OS X 10_15_2) AppleWebKit/537.36 (KHTML, like Gecko) Chrome/83.0.4103.116 Safari/537.36"
::1 - - [05/Jul/2020:15:49:54 +0000] "GET /v1/user HTTP/1.1" 304 - "http://localhost:3001/" "Mozilla/5.0 (Macintosh; Intel Mac OS X 10_15_2) AppleWebKit/537.36 (KHTML, like Gecko) Chrome/83.0.4103.116 Safari/537.36"
::1 - - [05/Jul/2020:15:49:56 +0000] "GET /v1/user HTTP/1.1" 304 - "http://localhost:3001/" "Mozilla/5.0 (Macintosh; Intel Mac OS X 10_15_2) AppleWebKit/537.36 (KHTML, like Gecko) Chrome/83.0.4103.116 Safari/537.36"
::1 - - [05/Jul/2020:15:50:04 +0000] "GET /v1/role HTTP/1.1" 304 - "http://localhost:3001/" "Mozilla/5.0 (Macintosh; Intel Mac OS X 10_15_2) AppleWebKit/537.36 (KHTML, like Gecko) Chrome/83.0.4103.116 Safari/537.36"
::1 - - [05/Jul/2020:15:50:07 +0000] "GET /v1/article HTTP/1.1" 304 - "http://localhost:3001/" "Mozilla/5.0 (Macintosh; Intel Mac OS X 10_15_2) AppleWebKit/537.36 (KHTML, like Gecko) Chrome/83.0.4103.116 Safari/537.36"
::1 - - [05/Jul/2020:15:50:59 +0000] "GET /v1/article HTTP/1.1" 304 - "http://localhost:3001/" "Mozilla/5.0 (Macintosh; Intel Mac OS X 10_15_2) AppleWebKit/537.36 (KHTML, like Gecko) Chrome/83.0.4103.116 Safari/537.36"
::1 - - [05/Jul/2020:15:51:40 +0000] "GET /v1/article HTTP/1.1" 304 - "http://localhost:3001/" "Mozilla/5.0 (Macintosh; Intel Mac OS X 10_15_2) AppleWebKit/537.36 (KHTML, like Gecko) Chrome/83.0.4103.116 Safari/537.36"
::1 - - [05/Jul/2020:15:52:02 +0000] "GET /v1/article HTTP/1.1" 304 - "http://localhost:3001/" "Mozilla/5.0 (Macintosh; Intel Mac OS X 10_15_2) AppleWebKit/537.36 (KHTML, like Gecko) Chrome/83.0.4103.116 Safari/537.36"
::1 - - [05/Jul/2020:15:52:37 +0000] "GET /v1/article HTTP/1.1" 304 - "http://localhost:3001/" "Mozilla/5.0 (Macintosh; Intel Mac OS X 10_15_2) AppleWebKit/537.36 (KHTML, like Gecko) Chrome/83.0.4103.116 Safari/537.36"
::1 - - [05/Jul/2020:15:52:41 +0000] "GET /v1/role HTTP/1.1" 304 - "http://localhost:3001/" "Mozilla/5.0 (Macintosh; Intel Mac OS X 10_15_2) AppleWebKit/537.36 (KHTML, like Gecko) Chrome/83.0.4103.116 Safari/537.36"
::1 - - [05/Jul/2020:15:52:43 +0000] "GET /v1/article HTTP/1.1" 304 - "http://localhost:3001/" "Mozilla/5.0 (Macintosh; Intel Mac OS X 10_15_2) AppleWebKit/537.36 (KHTML, like Gecko) Chrome/83.0.4103.116 Safari/537.36"
::1 - - [05/Jul/2020:15:52:44 +0000] "GET /v1/role HTTP/1.1" 304 - "http://localhost:3001/" "Mozilla/5.0 (Macintosh; Intel Mac OS X 10_15_2) AppleWebKit/537.36 (KHTML, like Gecko) Chrome/83.0.4103.116 Safari/537.36"
::1 - - [05/Jul/2020:15:52:45 +0000] "GET /v1/user HTTP/1.1" 304 - "http://localhost:3001/" "Mozilla/5.0 (Macintosh; Intel Mac OS X 10_15_2) AppleWebKit/537.36 (KHTML, like Gecko) Chrome/83.0.4103.116 Safari/537.36"
::1 - - [05/Jul/2020:15:53:12 +0000] "GET /v1/article HTTP/1.1" 304 - "http://localhost:3001/" "Mozilla/5.0 (Macintosh; Intel Mac OS X 10_15_2) AppleWebKit/537.36 (KHTML, like Gecko) Chrome/83.0.4103.116 Safari/537.36"
::1 - - [05/Jul/2020:15:53:15 +0000] "GET /v1/interest HTTP/1.1" 304 - "http://localhost:3001/" "Mozilla/5.0 (Macintosh; Intel Mac OS X 10_15_2) AppleWebKit/537.36 (KHTML, like Gecko) Chrome/83.0.4103.116 Safari/537.36"
